app/build/intermediates/manifest_merge_blame_file/release/manifest-merger-blame-release-report.txt
1<?xml version="1.0" encoding="utf-8"?>
2<manifest xmlns:android="http://schemas.android.com/apk/res/android"
3    package="com.techroof.pkpropertyzone"
4    android:versionCode="1"
5    android:versionName="1.0" >
6
7    <uses-sdk
8        android:minSdkVersion="16"
8-->src\main\AndroidManifest.xml
9        android:targetSdkVersion="30" />
9-->src\main\AndroidManifest.xml
10
11    <uses-permission android:name="android.permission.INTERNET" />
11-->src\main\AndroidManifest.xml:5:5-67
11-->src\main\AndroidManifest.xml:5:22-64
12    <uses-permission android:name="android.permission.READ_EXTERNAL_STORAGE" />
12-->src\main\AndroidManifest.xml:6:5-80
12-->src\main\AndroidManifest.xml:6:22-77
13
14    <!-- Although the *SdkVersion is captured in gradle build files, this is required for non gradle builds -->
15    <!-- <uses-sdk android:minSdkVersion="14" /> -->
16    <uses-permission android:name="android.permission.ACCESS_NETWORK_STATE" /> <!-- Android package visibility setting -->
16-->[com.google.firebase:firebase-firestore:18.1.0] AndroidManifest.xml:13:5-79
16-->[com.google.firebase:firebase-firestore:18.1.0] AndroidManifest.xml:13:22-76
17    <queries>
17-->[com.google.android.gms:play-services-ads-lite:20.0.0] AndroidManifest.xml:27:5-43:15
18
19        <!-- For browser content -->
20        <intent>
20-->[com.google.android.gms:play-services-ads-lite:20.0.0] AndroidManifest.xml:30:9-36:18
21            <action android:name="android.intent.action.VIEW" />
21-->[com.google.android.gms:play-services-ads-lite:20.0.0] AndroidManifest.xml:31:13-65
21-->[com.google.android.gms:play-services-ads-lite:20.0.0] AndroidManifest.xml:31:21-62
22
23            <category android:name="android.intent.category.BROWSABLE" />
23-->[com.google.android.gms:play-services-ads-lite:20.0.0] AndroidManifest.xml:33:13-74
23-->[com.google.android.gms:play-services-ads-lite:20.0.0] AndroidManifest.xml:33:23-71
24
25            <data android:scheme="https" />
25-->[com.google.android.gms:play-services-ads-lite:20.0.0] AndroidManifest.xml:35:13-44
25-->[com.google.android.gms:play-services-ads-lite:20.0.0] AndroidManifest.xml:35:19-41
26        </intent>
27        <!-- End of browser content -->
28        <!-- For CustomTabsService -->
29        <intent>
29-->[com.google.android.gms:play-services-ads-lite:20.0.0] AndroidManifest.xml:30:9-36:18
30            <action android:name="android.support.customtabs.action.CustomTabsService" />
31        </intent>
32        <!-- End of CustomTabsService -->
33    </queries>
34
35    <uses-permission android:name="android.permission.WAKE_LOCK" />
35-->[com.google.android.gms:play-services-measurement-sdk-api:18.0.0] AndroidManifest.xml:25:5-68
35-->[com.google.android.gms:play-services-measurement-sdk-api:18.0.0] AndroidManifest.xml:25:22-65
36    <uses-permission android:name="android.permission.RECEIVE_BOOT_COMPLETED" />
36-->[androidx.work:work-runtime:2.1.0] AndroidManifest.xml:27:5-81
36-->[androidx.work:work-runtime:2.1.0] AndroidManifest.xml:27:22-78
37
38    <application
38-->src\main\AndroidManifest.xml:8:5-41:19
39        android:name="com.techroof.pkpropertyzone.ApplicationContext"
39-->src\main\AndroidManifest.xml:9:9-43
40        android:allowBackup="true"
40-->src\main\AndroidManifest.xml:10:9-35
41        android:appComponentFactory="androidx.core.app.CoreComponentFactory"
41-->[androidx.core:core:1.3.1] AndroidManifest.xml:24:18-86
42        android:icon="@mipmap/ic_launcher"
42-->src\main\AndroidManifest.xml:11:9-43
43        android:label="@string/app_name"
43-->src\main\AndroidManifest.xml:12:9-41
44        android:roundIcon="@mipmap/ic_launcher_round"
44-->src\main\AndroidManifest.xml:13:9-54
45        android:supportsRtl="true"
45-->src\main\AndroidManifest.xml:14:9-35
46        android:theme="@style/AppTheme" >
46-->src\main\AndroidManifest.xml:15:9-40
47        <activity android:name="com.techroof.pkpropertyzone.SellerViewPropertyActivity" />
47-->src\main\AndroidManifest.xml:16:9-63
47-->src\main\AndroidManifest.xml:16:19-61
48        <activity
48-->src\main\AndroidManifest.xml:17:9-19:70
49            android:name="com.techroof.pkpropertyzone.PropertyActivity"
49-->src\main\AndroidManifest.xml:18:13-45
50            android:windowSoftInputMode="stateHidden|adjustResize" />
50-->src\main\AndroidManifest.xml:19:13-67
51        <activity android:name="com.techroof.pkpropertyzone.AreasActivity" />
51-->src\main\AndroidManifest.xml:20:9-51
51-->src\main\AndroidManifest.xml:20:19-48
52        <activity android:name="com.techroof.pkpropertyzone.CitiesActivity" />
52-->src\main\AndroidManifest.xml:21:9-52
52-->src\main\AndroidManifest.xml:21:19-49
53        <activity android:name="com.techroof.pkpropertyzone.Chat.ConversationActivity" />
53-->src\main\AndroidManifest.xml:22:9-63
53-->src\main\AndroidManifest.xml:22:19-60
54        <activity android:name="com.techroof.pkpropertyzone.Chat.ChatActivity" />
54-->src\main\AndroidManifest.xml:23:9-55
54-->src\main\AndroidManifest.xml:23:19-52
55        <activity android:name="com.techroof.pkpropertyzone.HomeActivity" />
55-->src\main\AndroidManifest.xml:24:9-50
55-->src\main\AndroidManifest.xml:24:19-47
56        <activity android:name="com.techroof.pkpropertyzone.BuyProperty.ViewPropertyActivity" />
56-->src\main\AndroidManifest.xml:25:9-70
56-->src\main\AndroidManifest.xml:25:19-67
57        <activity android:name="com.techroof.pkpropertyzone.Authentication.RegisterActivity" />
57-->src\main\AndroidManifest.xml:26:9-69
57-->src\main\AndroidManifest.xml:26:19-66
58        <activity android:name="com.techroof.pkpropertyzone.Authentication.LoginActivity" />
58-->src\main\AndroidManifest.xml:27:9-66
58-->src\main\AndroidManifest.xml:27:19-63
59        <activity android:name="com.techroof.pkpropertyzone.SellProperty.AddPropertyActivity" />
59-->src\main\AndroidManifest.xml:28:9-70
59-->src\main\AndroidManifest.xml:28:19-67
60        <activity android:name="com.techroof.pkpropertyzone.BuyProperty.BuyPropertyActivity" />
60-->src\main\AndroidManifest.xml:29:9-69
60-->src\main\AndroidManifest.xml:29:19-66
61        <activity android:name="com.techroof.pkpropertyzone.SellProperty.SellPropertyActivity" />
61-->src\main\AndroidManifest.xml:30:9-71
61-->src\main\AndroidManifest.xml:30:19-68
62        <activity android:name="com.techroof.pkpropertyzone.SplashScreen" >
62-->src\main\AndroidManifest.xml:31:9-37:20
62-->src\main\AndroidManifest.xml:31:19-47
63            <intent-filter>
63-->src\main\AndroidManifest.xml:32:13-36:29
64                <action android:name="android.intent.action.MAIN" />
64-->src\main\AndroidManifest.xml:33:17-69
64-->src\main\AndroidManifest.xml:33:25-66
65
66                <category android:name="android.intent.category.LAUNCHER" />
66-->src\main\AndroidManifest.xml:35:17-77
66-->src\main\AndroidManifest.xml:35:27-74
67            </intent-filter>
68        </activity>
69
70        <meta-data
70-->src\main\AndroidManifest.xml:38:9-40:46
71            android:name="com.google.android.gms.ads.APPLICATION_ID"
71-->src\main\AndroidManifest.xml:39:13-69
72            android:value="@string/app_id" />
72-->src\main\AndroidManifest.xml:40:13-43
73
74        <activity
74-->[com.karumi:dexter:6.2.1] AndroidManifest.xml:27:9-29:72
75            android:name="com.karumi.dexter.DexterActivity"
75-->[com.karumi:dexter:6.2.1] AndroidManifest.xml:28:13-60
76            android:theme="@style/Dexter.Internal.Theme.Transparent" />
76-->[com.karumi:dexter:6.2.1] AndroidManifest.xml:29:13-69
77
78        <meta-data
78-->[com.firebaseui:firebase-ui-database:1.2.0] AndroidManifest.xml:14:9-16:69
79            android:name="com.google.android.gms.version"
79-->[com.firebaseui:firebase-ui-database:1.2.0] AndroidManifest.xml:15:13-58
80            android:value="@integer/google_play_services_version" />
80-->[com.firebaseui:firebase-ui-database:1.2.0] AndroidManifest.xml:16:13-66
81
82        <activity
82-->[com.google.firebase:firebase-auth:16.2.0] AndroidManifest.xml:24:9-31:50
83            android:name="com.google.firebase.auth.internal.FederatedSignInActivity"
83-->[com.google.firebase:firebase-auth:16.2.0] AndroidManifest.xml:25:13-85
84            android:excludeFromRecents="true"
84-->[com.google.firebase:firebase-auth:16.2.0] AndroidManifest.xml:26:13-46
85            android:exported="true"
85-->[com.google.firebase:firebase-auth:16.2.0] AndroidManifest.xml:27:13-36
86            android:launchMode="singleTask"
86-->[com.google.firebase:firebase-auth:16.2.0] AndroidManifest.xml:28:13-44
87            android:permission="com.google.firebase.auth.api.gms.permission.LAUNCH_FEDERATED_SIGN_IN"
87-->[com.google.firebase:firebase-auth:16.2.0] AndroidManifest.xml:29:13-102
88            android:theme="@android:style/Theme.Translucent.NoTitleBar" />
88-->[com.google.firebase:firebase-auth:16.2.0] AndroidManifest.xml:30:13-72
89
90        <service
90-->[com.google.firebase:firebase-auth:16.2.0] AndroidManifest.xml:33:9-39:19
91            android:name="com.google.firebase.components.ComponentDiscoveryService"
91-->[com.google.firebase:firebase-auth:16.2.0] AndroidManifest.xml:34:13-84
92            android:exported="false" >
92-->[com.google.firebase:firebase-auth:16.2.0] AndroidManifest.xml:35:13-37
93            <meta-data
93-->[com.google.firebase:firebase-auth:16.2.0] AndroidManifest.xml:36:13-38:85
94                android:name="com.google.firebase.components:com.google.firebase.auth.FirebaseAuthRegistrar"
94-->[com.google.firebase:firebase-auth:16.2.0] AndroidManifest.xml:37:17-109
95                android:value="com.google.firebase.components.ComponentRegistrar" />
95-->[com.google.firebase:firebase-auth:16.2.0] AndroidManifest.xml:38:17-82
96            <meta-data
96-->[com.google.firebase:firebase-firestore:18.1.0] AndroidManifest.xml:18:13-20:85
97                android:name="com.google.firebase.components:com.google.firebase.firestore.FirestoreRegistrar"
97-->[com.google.firebase:firebase-firestore:18.1.0] AndroidManifest.xml:19:17-111
98                android:value="com.google.firebase.components.ComponentRegistrar" />
98-->[com.google.firebase:firebase-firestore:18.1.0] AndroidManifest.xml:20:17-82
99            <meta-data
99-->[com.google.firebase:firebase-storage:16.1.0] AndroidManifest.xml:31:13-33:85
100                android:name="com.google.firebase.components:com.google.firebase.storage.StorageRegistrar"
100-->[com.google.firebase:firebase-storage:16.1.0] AndroidManifest.xml:32:17-107
101                android:value="com.google.firebase.components.ComponentRegistrar" />
101-->[com.google.firebase:firebase-storage:16.1.0] AndroidManifest.xml:33:17-82
102            <meta-data
102-->[com.google.firebase:firebase-database:16.1.0] AndroidManifest.xml:30:13-32:85
103                android:name="com.google.firebase.components:com.google.firebase.database.DatabaseRegistrar"
103-->[com.google.firebase:firebase-database:16.1.0] AndroidManifest.xml:31:17-109
104                android:value="com.google.firebase.components.ComponentRegistrar" />
104-->[com.google.firebase:firebase-database:16.1.0] AndroidManifest.xml:32:17-82
105        </service>
106
107        <provider
107-->[com.squareup.picasso:picasso:2.71828] AndroidManifest.xml:8:9-11:40
108            android:name="com.squareup.picasso.PicassoProvider"
108-->[com.squareup.picasso:picasso:2.71828] AndroidManifest.xml:9:13-64
109            android:authorities="com.techroof.pkpropertyzone.com.squareup.picasso"
109-->[com.squareup.picasso:picasso:2.71828] AndroidManifest.xml:10:13-72
110            android:exported="false" /> <!-- Include the AdActivity and InAppPurchaseActivity configChanges and themes. -->
110-->[com.squareup.picasso:picasso:2.71828] AndroidManifest.xml:11:13-37
111        <activity
111-->[com.google.android.gms:play-services-ads-lite:20.0.0] AndroidManifest.xml:48:9-52:64
112            android:name="com.google.android.gms.ads.AdActivity"
112-->[com.google.android.gms:play-services-ads-lite:20.0.0] AndroidManifest.xml:49:13-65
113            android:configChanges="keyboard|keyboardHidden|orientation|screenLayout|uiMode|screenSize|smallestScreenSize"
113-->[com.google.android.gms:play-services-ads-lite:20.0.0] AndroidManifest.xml:50:13-122
114            android:exported="false"
114-->[com.google.android.gms:play-services-ads-lite:20.0.0] AndroidManifest.xml:51:13-37
115            android:theme="@android:style/Theme.Translucent" />
115-->[com.google.android.gms:play-services-ads-lite:20.0.0] AndroidManifest.xml:52:13-61
116
117        <provider
117-->[com.google.android.gms:play-services-ads-lite:20.0.0] AndroidManifest.xml:54:9-58:39
118            android:name="com.google.android.gms.ads.MobileAdsInitProvider"
118-->[com.google.android.gms:play-services-ads-lite:20.0.0] AndroidManifest.xml:55:13-76
119            android:authorities="com.techroof.pkpropertyzone.mobileadsinitprovider"
119-->[com.google.android.gms:play-services-ads-lite:20.0.0] AndroidManifest.xml:56:13-73
120            android:exported="false"
120-->[com.google.android.gms:play-services-ads-lite:20.0.0] AndroidManifest.xml:57:13-37
121            android:initOrder="100" />
121-->[com.google.android.gms:play-services-ads-lite:20.0.0] AndroidManifest.xml:58:13-36
122
123        <service
123-->[com.google.android.gms:play-services-ads-lite:20.0.0] AndroidManifest.xml:60:9-63:40
124            android:name="com.google.android.gms.ads.AdService"
124-->[com.google.android.gms:play-services-ads-lite:20.0.0] AndroidManifest.xml:61:13-64
125            android:enabled="true"
125-->[com.google.android.gms:play-services-ads-lite:20.0.0] AndroidManifest.xml:62:13-35
126            android:exported="false" />
126-->[com.google.android.gms:play-services-ads-lite:20.0.0] AndroidManifest.xml:63:13-37
127
128        <activity
128-->[com.google.android.gms:play-services-base:16.0.1] AndroidManifest.xml:23:9-26:75
129            android:name="com.google.android.gms.common.api.GoogleApiActivity"
129-->[com.google.android.gms:play-services-base:16.0.1] AndroidManifest.xml:24:13-79
130            android:exported="false"
130-->[com.google.android.gms:play-services-base:16.0.1] AndroidManifest.xml:25:13-37
131            android:theme="@android:style/Theme.Translucent.NoTitleBar" />
131-->[com.google.android.gms:play-services-base:16.0.1] AndroidManifest.xml:26:13-72
132
133        <provider
133-->[com.google.firebase:firebase-common:16.1.0] AndroidManifest.xml:12:9-16:39
134            android:name="com.google.firebase.provider.FirebaseInitProvider"
134-->[com.google.firebase:firebase-common:16.1.0] AndroidManifest.xml:13:13-77
135            android:authorities="com.techroof.pkpropertyzone.firebaseinitprovider"
135-->[com.google.firebase:firebase-common:16.1.0] AndroidManifest.xml:14:13-72
136            android:exported="false"
136-->[com.google.firebase:firebase-common:16.1.0] AndroidManifest.xml:15:13-37
137            android:initOrder="100" />
137-->[com.google.firebase:firebase-common:16.1.0] AndroidManifest.xml:16:13-36
138        <provider
138-->[androidx.work:work-runtime:2.1.0] AndroidManifest.xml:30:9-36:35
139            android:name="androidx.work.impl.WorkManagerInitializer"
139-->[androidx.work:work-runtime:2.1.0] AndroidManifest.xml:31:13-69
140            android:authorities="com.techroof.pkpropertyzone.workmanager-init"
140-->[androidx.work:work-runtime:2.1.0] AndroidManifest.xml:32:13-68
141            android:directBootAware="false"
141-->[androidx.work:work-runtime:2.1.0] AndroidManifest.xml:33:13-44
142            android:exported="false"
142-->[androidx.work:work-runtime:2.1.0] AndroidManifest.xml:34:13-37
143            android:multiprocess="true" />
143-->[androidx.work:work-runtime:2.1.0] AndroidManifest.xml:35:13-40
144
145        <service
145-->[androidx.work:work-runtime:2.1.0] AndroidManifest.xml:38:9-43:35
146            android:name="androidx.work.impl.background.systemalarm.SystemAlarmService"
146-->[androidx.work:work-runtime:2.1.0] AndroidManifest.xml:39:13-88
147            android:directBootAware="false"
147-->[androidx.work:work-runtime:2.1.0] AndroidManifest.xml:40:13-44
148            android:enabled="@bool/enable_system_alarm_service_default"
148-->[androidx.work:work-runtime:2.1.0] AndroidManifest.xml:41:13-72
149            android:exported="false" />
149-->[androidx.work:work-runtime:2.1.0] AndroidManifest.xml:42:13-37
150        <service
150-->[androidx.work:work-runtime:2.1.0] AndroidManifest.xml:44:9-50:35
151            android:name="androidx.work.impl.background.systemjob.SystemJobService"
151-->[androidx.work:work-runtime:2.1.0] AndroidManifest.xml:45:13-84
152            android:directBootAware="false"
152-->[androidx.work:work-runtime:2.1.0] AndroidManifest.xml:46:13-44
153            android:enabled="@bool/enable_system_job_service_default"
153-->[androidx.work:work-runtime:2.1.0] AndroidManifest.xml:47:13-70
154            android:exported="true"
154-->[androidx.work:work-runtime:2.1.0] AndroidManifest.xml:48:13-36
155            android:permission="android.permission.BIND_JOB_SERVICE" />
155-->[androidx.work:work-runtime:2.1.0] AndroidManifest.xml:49:13-69
156
157        <receiver
157-->[androidx.work:work-runtime:2.1.0] AndroidManifest.xml:52:9-57:35
158            android:name="androidx.work.impl.utils.ForceStopRunnable$BroadcastReceiver"
158-->[androidx.work:work-runtime:2.1.0] AndroidManifest.xml:53:13-88
159            android:directBootAware="false"
159-->[androidx.work:work-runtime:2.1.0] AndroidManifest.xml:54:13-44
160            android:enabled="true"
160-->[androidx.work:work-runtime:2.1.0] AndroidManifest.xml:55:13-35
161            android:exported="false" />
161-->[androidx.work:work-runtime:2.1.0] AndroidManifest.xml:56:13-37
162        <receiver
162-->[androidx.work:work-runtime:2.1.0] AndroidManifest.xml:58:9-68:20
163            android:name="androidx.work.impl.background.systemalarm.ConstraintProxy$BatteryChargingProxy"
163-->[androidx.work:work-runtime:2.1.0] AndroidManifest.xml:59:13-106
164            android:directBootAware="false"
164-->[androidx.work:work-runtime:2.1.0] AndroidManifest.xml:60:13-44
165            android:enabled="false"
165-->[androidx.work:work-runtime:2.1.0] AndroidManifest.xml:61:13-36
166            android:exported="false" >
166-->[androidx.work:work-runtime:2.1.0] AndroidManifest.xml:62:13-37
167            <intent-filter>
167-->[androidx.work:work-runtime:2.1.0] AndroidManifest.xml:64:13-67:29
168                <action android:name="android.intent.action.ACTION_POWER_CONNECTED" />
168-->[androidx.work:work-runtime:2.1.0] AndroidManifest.xml:65:17-87
168-->[androidx.work:work-runtime:2.1.0] AndroidManifest.xml:65:25-84
169                <action android:name="android.intent.action.ACTION_POWER_DISCONNECTED" />
169-->[androidx.work:work-runtime:2.1.0] AndroidManifest.xml:66:17-90
169-->[androidx.work:work-runtime:2.1.0] AndroidManifest.xml:66:25-87
170            </intent-filter>
171        </receiver>
172        <receiver
172-->[androidx.work:work-runtime:2.1.0] AndroidManifest.xml:69:9-79:20
173            android:name="androidx.work.impl.background.systemalarm.ConstraintProxy$BatteryNotLowProxy"
173-->[androidx.work:work-runtime:2.1.0] AndroidManifest.xml:70:13-104
174            android:directBootAware="false"
174-->[androidx.work:work-runtime:2.1.0] AndroidManifest.xml:71:13-44
175            android:enabled="false"
175-->[androidx.work:work-runtime:2.1.0] AndroidManifest.xml:72:13-36
176            android:exported="false" >
176-->[androidx.work:work-runtime:2.1.0] AndroidManifest.xml:73:13-37
177            <intent-filter>
177-->[androidx.work:work-runtime:2.1.0] AndroidManifest.xml:75:13-78:29
178                <action android:name="android.intent.action.BATTERY_OKAY" />
178-->[androidx.work:work-runtime:2.1.0] AndroidManifest.xml:76:17-77
178-->[androidx.work:work-runtime:2.1.0] AndroidManifest.xml:76:25-74
179                <action android:name="android.intent.action.BATTERY_LOW" />
179-->[androidx.work:work-runtime:2.1.0] AndroidManifest.xml:77:17-76
179-->[androidx.work:work-runtime:2.1.0] AndroidManifest.xml:77:25-73
180            </intent-filter>
181        </receiver>
182        <receiver
182-->[androidx.work:work-runtime:2.1.0] AndroidManifest.xml:80:9-90:20
183            android:name="androidx.work.impl.background.systemalarm.ConstraintProxy$StorageNotLowProxy"
183-->[androidx.work:work-runtime:2.1.0] AndroidManifest.xml:81:13-104
184            android:directBootAware="false"
184-->[androidx.work:work-runtime:2.1.0] AndroidManifest.xml:82:13-44
185            android:enabled="false"
185-->[androidx.work:work-runtime:2.1.0] AndroidManifest.xml:83:13-36
186            android:exported="false" >
186-->[androidx.work:work-runtime:2.1.0] AndroidManifest.xml:84:13-37
187            <intent-filter>
187-->[androidx.work:work-runtime:2.1.0] AndroidManifest.xml:86:13-89:29
188                <action android:name="android.intent.action.DEVICE_STORAGE_LOW" />
188-->[androidx.work:work-runtime:2.1.0] AndroidManifest.xml:87:17-83
188-->[androidx.work:work-runtime:2.1.0] AndroidManifest.xml:87:25-80
189                <action android:name="android.intent.action.DEVICE_STORAGE_OK" />
189-->[androidx.work:work-runtime:2.1.0] AndroidManifest.xml:88:17-82
189-->[androidx.work:work-runtime:2.1.0] AndroidManifest.xml:88:25-79
190            </intent-filter>
191        </receiver>
192        <receiver
192-->[androidx.work:work-runtime:2.1.0] AndroidManifest.xml:91:9-100:20
193            android:name="androidx.work.impl.background.systemalarm.ConstraintProxy$NetworkStateProxy"
193-->[androidx.work:work-runtime:2.1.0] AndroidManifest.xml:92:13-103
194            android:directBootAware="false"
194-->[androidx.work:work-runtime:2.1.0] AndroidManifest.xml:93:13-44
195            android:enabled="false"
195-->[androidx.work:work-runtime:2.1.0] AndroidManifest.xml:94:13-36
196            android:exported="false" >
196-->[androidx.work:work-runtime:2.1.0] AndroidManifest.xml:95:13-37
197            <intent-filter>
197-->[androidx.work:work-runtime:2.1.0] AndroidManifest.xml:97:13-99:29
198                <action android:name="android.net.conn.CONNECTIVITY_CHANGE" />
198-->[androidx.work:work-runtime:2.1.0] AndroidManifest.xml:98:17-79
198-->[androidx.work:work-runtime:2.1.0] AndroidManifest.xml:98:25-76
199            </intent-filter>
200        </receiver>
201        <receiver
201-->[androidx.work:work-runtime:2.1.0] AndroidManifest.xml:101:9-112:20
202            android:name="androidx.work.impl.background.systemalarm.RescheduleReceiver"
202-->[androidx.work:work-runtime:2.1.0] AndroidManifest.xml:102:13-88
203            android:directBootAware="false"
203-->[androidx.work:work-runtime:2.1.0] AndroidManifest.xml:103:13-44
204            android:enabled="false"
204-->[androidx.work:work-runtime:2.1.0] AndroidManifest.xml:104:13-36
205            android:exported="false" >
205-->[androidx.work:work-runtime:2.1.0] AndroidManifest.xml:105:13-37
206            <intent-filter>
206-->[androidx.work:work-runtime:2.1.0] AndroidManifest.xml:107:13-111:29
207                <action android:name="android.intent.action.BOOT_COMPLETED" />
207-->[androidx.work:work-runtime:2.1.0] AndroidManifest.xml:108:17-79
207-->[androidx.work:work-runtime:2.1.0] AndroidManifest.xml:108:25-76
208                <action android:name="android.intent.action.TIME_SET" />
208-->[androidx.work:work-runtime:2.1.0] AndroidManifest.xml:109:17-73
208-->[androidx.work:work-runtime:2.1.0] AndroidManifest.xml:109:25-70
209                <action android:name="android.intent.action.TIMEZONE_CHANGED" />
209-->[androidx.work:work-runtime:2.1.0] AndroidManifest.xml:110:17-81
209-->[androidx.work:work-runtime:2.1.0] AndroidManifest.xml:110:25-78
210            </intent-filter>
211        </receiver>
212        <receiver
212-->[androidx.work:work-runtime:2.1.0] AndroidManifest.xml:113:9-122:20
213            android:name="androidx.work.impl.background.systemalarm.ConstraintProxyUpdateReceiver"
213-->[androidx.work:work-runtime:2.1.0] AndroidManifest.xml:114:13-99
214            android:directBootAware="false"
214-->[androidx.work:work-runtime:2.1.0] AndroidManifest.xml:115:13-44
215            android:enabled="@bool/enable_system_alarm_service_default"
215-->[androidx.work:work-runtime:2.1.0] AndroidManifest.xml:116:13-72
216            android:exported="false" >
216-->[androidx.work:work-runtime:2.1.0] AndroidManifest.xml:117:13-37
217            <intent-filter>
217-->[androidx.work:work-runtime:2.1.0] AndroidManifest.xml:119:13-121:29
218                <action android:name="androidx.work.impl.background.systemalarm.UpdateProxies" />
218-->[androidx.work:work-runtime:2.1.0] AndroidManifest.xml:120:17-98
218-->[androidx.work:work-runtime:2.1.0] AndroidManifest.xml:120:25-95
219            </intent-filter>
220        </receiver>
221
222        <service
222-->[androidx.room:room-runtime:2.1.0] AndroidManifest.xml:25:9-27:40
223            android:name="androidx.room.MultiInstanceInvalidationService"
223-->[androidx.room:room-runtime:2.1.0] AndroidManifest.xml:26:13-74
224            android:exported="false" />
224-->[androidx.room:room-runtime:2.1.0] AndroidManifest.xml:27:13-37
225    </application>
226
227</manifest>